    Molecular point group: c2v
    Full point group: C2v

    Geometry (in Angstrom), charge = 0, multiplicity = 1:

       Center              X                  Y                   Z               Mass       
    ------------   -----------------  -----------------  -----------------  -----------------
         O            0.000000000000     0.000000000000    -0.068129458190    15.994914619570
         H            0.000000000000    -0.793353340291     0.540631970819     1.007825032230
         H            0.000000000000     0.793353340291     0.540631970819     1.007825032230

        Interatomic Distances (Angstroms)

        Distance 1 to 2 1.000   
        Distance 1 to 3 1.000   
        Distance 2 to 3 1.587   


        Bond Angles (degrees)

        Angle 2-1-3:  105.000
        Angle 1-2-3:   37.500
        Angle 1-3-2:   37.500


    Molecular point group: c2v
    Full point group: C2v

    Geometry (in Angstrom), charge = 0, multiplicity = 1:

    O       
    H             1      length
    H             1      length      2       angle

    angle     =  105.0000000000
    length    =    1.0000000000


Scratch directory: /Users/blink/PSI4_SCRATCH/
   => Libint2 <=

    Primary   basis highest AM E, G, H:  7, 6, 3
    Auxiliary basis highest AM E, G, H:  7, 7, 4
    Onebody   basis highest AM E, G, H:  -, -, -
    Solid Harmonics ordering:            Gaussian

*** tstart() called on Barrys-MacBook-Pro.local
*** at Mon Mar 30 18:49:29 2026

   => Loading Basis Set <=

    Name: CC-PVDZ
    Role: ORBITAL
    Keyword: BASIS
    atoms 1   entry O          line   198 file /opt/anaconda3/envs/compchempsi4/share/psi4/basis/cc-pvdz.gbs 
    atoms 2-3 entry H          line    22 file /opt/anaconda3/envs/compchempsi4/share/psi4/basis/cc-pvdz.gbs 


         ---------------------------------------------------------
                                   SCF
               by Justin Turney, Rob Parrish, Andy Simmonett
                          and Daniel G. A. Smith
                              RHF Reference
                        4 Threads,    953 MiB Core
         ---------------------------------------------------------

  ==> Geometry <==

    Molecular point group: c2v
    Full point group: C2v

    Geometry (in Angstrom), charge = 0, multiplicity = 1:

       Center              X                  Y                   Z               Mass       
    ------------   -----------------  -----------------  -----------------  -----------------
         O            0.000000000000     0.000000000000    -0.068129458190    15.994914619570
         H            0.000000000000    -0.793353340291     0.540631970819     1.007825032230
         H            0.000000000000     0.793353340291     0.540631970819     1.007825032230

  Running in c2v symmetry.

  Rotational constants: A =     25.41163  B =     13.28765  C =      8.72525 [cm^-1]
  Rotational constants: A = 761821.47384  B = 398353.60644  C = 261576.32303 [MHz]
  Nuclear repulsion =    8.800342008806220

  Charge       = 0
  Multiplicity = 1
  Electrons    = 10
  Nalpha       = 5
  Nbeta        = 5

  ==> Algorithm <==

  SCF Algorithm Type is DF.
  DIIS enabled.
  MOM disabled.
  Fractional occupation disabled.
  Guess Type is SAD.
  Energy threshold   = 1.00e-06
  Density threshold  = 1.00e-06
  Integral threshold = 1.00e-12

  ==> Primary Basis <==

  Basis Set: CC-PVDZ
    Blend: CC-PVDZ
    Number of shells: 12
    Number of basis functions: 24
    Number of Cartesian functions: 25
    Spherical Harmonics?: true
    Max angular momentum: 2

   => Loading Basis Set <=

    Name: (CC-PVDZ AUX)
    Role: JKFIT
    Keyword: DF_BASIS_SCF
    atoms 1   entry O          line   221 file /opt/anaconda3/envs/compchempsi4/share/psi4/basis/cc-pvdz-jkfit.gbs 
    atoms 2-3 entry H          line    51 file /opt/anaconda3/envs/compchempsi4/share/psi4/basis/cc-pvdz-jkfit.gbs 

  ==> Integral Setup <==

  DFHelper Memory: AOs need 0.001 GiB; user supplied 0.698 GiB. 
  SCF_SUBTYPE=INCORE selected. In-core MEM_DF algorithm will be used.
  Using in-core AOs.

  ==> MemDFJK: Density-Fitted J/K Matrices <==

    J tasked:                   Yes
    K tasked:                   Yes
    wK tasked:                   No
    OpenMP threads:               4
    Memory [MiB]:               715
    Algorithm:                 Core
    Schwarz Cutoff:           1E-12
    Mask sparsity (%):       0.0000
    Fitting Condition:        1E-10

   => Auxiliary Basis Set <=

  Basis Set: (CC-PVDZ AUX)
    Blend: CC-PVDZ-JKFIT
    Number of shells: 42
    Number of basis functions: 116
    Number of Cartesian functions: 131
    Spherical Harmonics?: true
    Max angular momentum: 3

  Minimum eigenvalue in the overlap matrix is 3.5883347519E-02.
  Reciprocal condition number of the overlap matrix is 1.1560105257E-02.
    Using symmetric orthogonalization.

  ==> Pre-Iterations <==

  SCF Guess: Superposition of Atomic Densities via on-the-fly atomic UHF (no occupation information).

   -------------------------
    Irrep   Nso     Nmo    
   -------------------------
     A1        11      11 
     A2         2       2 
     B1         4       4 
     B2         7       7 
   -------------------------
    Total      24      24
   -------------------------

  ==> Iterations <==

                           Total Energy        Delta E     RMS |[F,P]|

   @DF-RHF iter SAD:   -76.37148385695100   -7.63715e+01   0.00000e+00 
   @DF-RHF iter   1:   -75.92453592665190    4.46948e-01   3.25597e-02 DIIS/ADIIS
   @DF-RHF iter   2:   -76.00501589194980   -8.04800e-02   1.54735e-02 DIIS/ADIIS
   @DF-RHF iter   3:   -76.02031468483410   -1.52988e-02   3.61977e-03 DIIS/ADIIS
   @DF-RHF iter   4:   -76.02131262818901   -9.97943e-04   4.65470e-04 DIIS/ADIIS
   @DF-RHF iter   5:   -76.02134367334071   -3.10452e-05   9.28638e-05 DIIS
   @DF-RHF iter   6:   -76.02134487514759   -1.20181e-06   1.26457e-05 DIIS
   @DF-RHF iter   7:   -76.02134491125328   -3.61057e-08   1.78834e-06 DIIS
   @DF-RHF iter   8:   -76.02134491176734   -5.14063e-10   1.89997e-07 DIIS
  Energy and wave function converged.


  ==> Post-Iterations <==

    Orbital Energies [Eh]
    ---------------------

    Doubly Occupied:                                                      

       1A1   -20.557552     2A1    -1.315813     1B2    -0.677939  
       3A1    -0.557719     1B1    -0.490177  

    Virtual:                                                              

       4A1     0.178077     2B2     0.249467     3B2     0.761936  
       5A1     0.814015     6A1     1.166048     2B1     1.198847  
       4B2     1.255997     7A1     1.457377     1A2     1.465023  
       3B1     1.671034     8A1     1.878468     5B2     1.887798  
       6B2     2.356229     9A1     2.387943     4B1     3.247083  
       2A2     3.300141    10A1     3.452338    11A1     3.825535  
       7B2     4.096724  

    Final Occupation by Irrep:
             A1    A2    B1    B2 
    DOCC [     3,    0,    1,    1 ]
    NA   [     3,    0,    1,    1 ]
    NB   [     3,    0,    1,    1 ]

  @DF-RHF Final Energy:   -76.02134491176734

   => Energetics <=

    Nuclear Repulsion Energy =              8.8003420088062203
    One-Electron Energy =                -122.4449824970610763
    Two-Electron Energy =                  37.6232955764875143
    Total Energy =                        -76.0213449117673292

Computation Completed


Properties will be evaluated at   0.000000,   0.000000,   0.000000 [a0]

Properties computed using the SCF density matrix


 Multipole Moments:

 ------------------------------------------------------------------------------------
     Multipole            Electronic (a.u.)      Nuclear  (a.u.)        Total (a.u.)
 ------------------------------------------------------------------------------------

 L = 1.  Multiply by 2.5417464519 to convert [e a0] to [Debye]
 Dipole X            :          0.0000000            0.0000000            0.0000000
 Dipole Y            :          0.0000000            0.0000000            0.0000000
 Dipole Z            :         -0.1918420            1.0133246            0.8214826
 Magnitude           :                                                    0.8214826

 ------------------------------------------------------------------------------------

*** tstop() called on Barrys-MacBook-Pro.local at Mon Mar 30 18:49:29 2026
Module time:
	user time   =       1.54 seconds =       0.03 minutes
	system time =       0.09 seconds =       0.00 minutes
	total time  =          0 seconds =       0.00 minutes
Total time:
	user time   =      20.63 seconds =       0.34 minutes
	system time =       1.71 seconds =       0.03 minutes
	total time  =        123 seconds =       2.05 minutes
Molecule: Setting geometry variable angle to 105.000000

Scratch directory: /Users/blink/PSI4_SCRATCH/
   => Libint2 <=

    Primary   basis highest AM E, G, H:  7, 6, 3
    Auxiliary basis highest AM E, G, H:  7, 7, 4
    Onebody   basis highest AM E, G, H:  -, -, -
    Solid Harmonics ordering:            Gaussian

*** tstart() called on Barrys-MacBook-Pro.local
*** at Mon Mar 30 18:49:32 2026

   => Loading Basis Set <=

    Name: CC-PVDZ
    Role: ORBITAL
    Keyword: BASIS
    atoms 1   entry O          line   198 file /opt/anaconda3/envs/compchempsi4/share/psi4/basis/cc-pvdz.gbs 
    atoms 2-3 entry H          line    22 file /opt/anaconda3/envs/compchempsi4/share/psi4/basis/cc-pvdz.gbs 


         ---------------------------------------------------------
                                   SCF
               by Justin Turney, Rob Parrish, Andy Simmonett
                          and Daniel G. A. Smith
                              RHF Reference
                        4 Threads,    953 MiB Core
         ---------------------------------------------------------

  ==> Geometry <==

    Molecular point group: c2v
    Full point group: C2v

    Geometry (in Angstrom), charge = 0, multiplicity = 1:

       Center              X                  Y                   Z               Mass       
    ------------   -----------------  -----------------  -----------------  -----------------
         O            0.000000000000     0.000000000000    -0.068129458190    15.994914619570
         H            0.000000000000    -0.793353340291     0.540631970819     1.007825032230
         H            0.000000000000     0.793353340291     0.540631970819     1.007825032230

  Running in c2v symmetry.

  Rotational constants: A =     25.41163  B =     13.28765  C =      8.72525 [cm^-1]
  Rotational constants: A = 761821.47384  B = 398353.60644  C = 261576.32303 [MHz]
  Nuclear repulsion =    8.800342008806220

  Charge       = 0
  Multiplicity = 1
  Electrons    = 10
  Nalpha       = 5
  Nbeta        = 5

  ==> Algorithm <==

  SCF Algorithm Type is DF.
  DIIS enabled.
  MOM disabled.
  Fractional occupation disabled.
  Guess Type is SAD.
  Energy threshold   = 1.00e-06
  Density threshold  = 1.00e-06
  Integral threshold = 1.00e-12

  ==> Primary Basis <==

  Basis Set: CC-PVDZ
    Blend: CC-PVDZ
    Number of shells: 12
    Number of basis functions: 24
    Number of Cartesian functions: 25
    Spherical Harmonics?: true
    Max angular momentum: 2

   => Loading Basis Set <=

    Name: (CC-PVDZ AUX)
    Role: JKFIT
    Keyword: DF_BASIS_SCF
    atoms 1   entry O          line   221 file /opt/anaconda3/envs/compchempsi4/share/psi4/basis/cc-pvdz-jkfit.gbs 
    atoms 2-3 entry H          line    51 file /opt/anaconda3/envs/compchempsi4/share/psi4/basis/cc-pvdz-jkfit.gbs 

  ==> Integral Setup <==

  DFHelper Memory: AOs need 0.001 GiB; user supplied 0.698 GiB. 
  SCF_SUBTYPE=INCORE selected. In-core MEM_DF algorithm will be used.
  Using in-core AOs.

  ==> MemDFJK: Density-Fitted J/K Matrices <==

    J tasked:                   Yes
    K tasked:                   Yes
    wK tasked:                   No
    OpenMP threads:               4
    Memory [MiB]:               715
    Algorithm:                 Core
    Schwarz Cutoff:           1E-12
    Mask sparsity (%):       0.0000
    Fitting Condition:        1E-10

   => Auxiliary Basis Set <=

  Basis Set: (CC-PVDZ AUX)
    Blend: CC-PVDZ-JKFIT
    Number of shells: 42
    Number of basis functions: 116
    Number of Cartesian functions: 131
    Spherical Harmonics?: true
    Max angular momentum: 3

  Minimum eigenvalue in the overlap matrix is 3.5883347519E-02.
  Reciprocal condition number of the overlap matrix is 1.1560105257E-02.
    Using symmetric orthogonalization.

  ==> Pre-Iterations <==

  SCF Guess: Superposition of Atomic Densities via on-the-fly atomic UHF (no occupation information).

   -------------------------
    Irrep   Nso     Nmo    
   -------------------------
     A1        11      11 
     A2         2       2 
     B1         4       4 
     B2         7       7 
   -------------------------
    Total      24      24
   -------------------------

  ==> Iterations <==

                           Total Energy        Delta E     RMS |[F,P]|

   @DF-RHF iter SAD:   -76.37148385695083   -7.63715e+01   0.00000e+00 
   @DF-RHF iter   1:   -75.92453592665170    4.46948e-01   3.25597e-02 DIIS/ADIIS
   @DF-RHF iter   2:   -76.00501589194954   -8.04800e-02   1.54735e-02 DIIS/ADIIS
   @DF-RHF iter   3:   -76.02031468483378   -1.52988e-02   3.61977e-03 DIIS/ADIIS
   @DF-RHF iter   4:   -76.02131262818870   -9.97943e-04   4.65470e-04 DIIS/ADIIS
   @DF-RHF iter   5:   -76.02134367334050   -3.10452e-05   9.28638e-05 DIIS
   @DF-RHF iter   6:   -76.02134487514736   -1.20181e-06   1.26457e-05 DIIS
   @DF-RHF iter   7:   -76.02134491125294   -3.61056e-08   1.78834e-06 DIIS
   @DF-RHF iter   8:   -76.02134491176707   -5.14135e-10   1.89997e-07 DIIS
  Energy and wave function converged.


  ==> Post-Iterations <==

    Orbital Energies [Eh]
    ---------------------

    Doubly Occupied:                                                      

       1A1   -20.557552     2A1    -1.315813     1B2    -0.677939  
       3A1    -0.557719     1B1    -0.490177  

    Virtual:                                                              

       4A1     0.178077     2B2     0.249467     3B2     0.761936  
       5A1     0.814015     6A1     1.166048     2B1     1.198847  
       4B2     1.255997     7A1     1.457377     1A2     1.465023  
       3B1     1.671034     8A1     1.878468     5B2     1.887798  
       6B2     2.356229     9A1     2.387943     4B1     3.247083  
       2A2     3.300141    10A1     3.452338    11A1     3.825535  
       7B2     4.096724  

    Final Occupation by Irrep:
             A1    A2    B1    B2 
    DOCC [     3,    0,    1,    1 ]
    NA   [     3,    0,    1,    1 ]
    NB   [     3,    0,    1,    1 ]

  @DF-RHF Final Energy:   -76.02134491176707

   => Energetics <=

    Nuclear Repulsion Energy =              8.8003420088062203
    One-Electron Energy =                -122.4449824970610194
    Two-Electron Energy =                  37.6232955764877133
    Total Energy =                        -76.0213449117670734

Computation Completed


Properties will be evaluated at   0.000000,   0.000000,   0.000000 [a0]

Properties computed using the SCF density matrix


 Multipole Moments:

 ------------------------------------------------------------------------------------
     Multipole            Electronic (a.u.)      Nuclear  (a.u.)        Total (a.u.)
 ------------------------------------------------------------------------------------

 L = 1.  Multiply by 2.5417464519 to convert [e a0] to [Debye]
 Dipole X            :          0.0000000            0.0000000            0.0000000
 Dipole Y            :          0.0000000            0.0000000            0.0000000
 Dipole Z            :         -0.1918420            1.0133246            0.8214826
 Magnitude           :                                                    0.8214826

 ------------------------------------------------------------------------------------

*** tstop() called on Barrys-MacBook-Pro.local at Mon Mar 30 18:49:33 2026
Module time:
	user time   =       1.55 seconds =       0.03 minutes
	system time =       0.09 seconds =       0.00 minutes
	total time  =          1 seconds =       0.02 minutes
Total time:
	user time   =      22.78 seconds =       0.38 minutes
	system time =       1.83 seconds =       0.03 minutes
	total time  =        127 seconds =       2.12 minutes
    Molecular point group: c2v
    Full point group: C2v

    Geometry (in Angstrom), charge = 0, multiplicity = 1:

       Center              X                  Y                   Z               Mass       
    ------------   -----------------  -----------------  -----------------  -----------------
         O            0.000000000000     0.000000000000    -0.068129458190    15.994914619570
         H            0.000000000000    -0.793353340291     0.540631970819     1.007825032230
         H            0.000000000000     0.793353340291     0.540631970819     1.007825032230

        Interatomic Distances (Angstroms)

        Distance 1 to 2 1.000   
        Distance 1 to 3 1.000   
        Distance 2 to 3 1.587   


        Bond Angles (degrees)

        Angle 2-1-3:  105.000
        Angle 1-2-3:   37.500
        Angle 1-3-2:   37.500


    Molecular point group: c2v
    Full point group: C2v

    Geometry (in Angstrom), charge = 0, multiplicity = 1:

    O       
    H             1      length
    H             1      length      2       angle

    angle     =  105.0000000000
    length    =    1.0000000000

    Molecular point group: c2v
    Full point group: C2v

    Geometry (in Angstrom), charge = 0, multiplicity = 1:

       Center              X                  Y                   Z               Mass       
    ------------   -----------------  -----------------  -----------------  -----------------
         O            0.000000000000     0.000000000000    -0.068129458190    15.994914619570
         H            0.000000000000    -0.793353340291     0.540631970819     1.007825032230
         H            0.000000000000     0.793353340291     0.540631970819     1.007825032230

Molecule: Setting geometry variable angle to 104.000000
